<?xml version="1.0" encoding="UTF-8"?>
<!-- Generated by org.testng.reporters.JUnitReportReporter -->
<testsuite skipped="0" hostname="AST-pc" name="restTestCases.VideoGameApi" tests="5" failures="0" timestamp="2020-01-11T07:06:04 EST" time="4.564" errors="0">
  <testcase name="loadAllVideoGames" time="2.930" classname="restTestCases.VideoGameApi"/>
  <system-out/>
  <testcase name="addVideoGame" time="0.354" classname="restTestCases.VideoGameApi"/>
  <system-out/>
  <testcase name="getVideoGamebyId" time="1.072" classname="restTestCases.VideoGameApi"/>
  <system-out/>
  <testcase name="updateVideoGamebyId" time="0.108" classname="restTestCases.VideoGameApi"/>
  <system-out/>
  <testcase name="deleteVideoGamebyId" time="0.100" classname="restTestCases.VideoGameApi"/>
  <system-out/>
</testsuite> <!-- restTestCases.VideoGameApi -->
